0 info it worked if it ends with ok
1 verbose cli [ 'C:\\Program Files\\nodejs\\node.exe',
1 verbose cli   'C:\\Program Files\\nodejs\\node_modules\\npm\\bin\\npm-cli.js',
1 verbose cli   'run',
1 verbose cli   'duyi' ]
2 info using npm@3.10.10
3 info using node@v6.9.5
4 verbose run-script [ 'preduyi', 'duyi', 'postduyi' ]
5 info lifecycle react-cs2@1.0.0~preduyi: react-cs2@1.0.0
6 silly lifecycle react-cs2@1.0.0~preduyi: no script for preduyi, continuing
7 info lifecycle react-cs2@1.0.0~duyi: react-cs2@1.0.0
8 verbose lifecycle react-cs2@1.0.0~duyi: unsafe-perm in lifecycle true
9 verbose lifecycle react-cs2@1.0.0~duyi: PATH: C:\Program Files\nodejs\node_modules\npm\bin\node-gyp-bin;C:\Users\wud1314i\Desktop\react\node_modules\.bin;C:\Windows\system32;C:\Windows;C:\Windows\System32\Wbem;C:\Windows\System32\WindowsPowerShell\v1.0\;C:\Program Files\nodejs\;C:\Program Files\Git\cmd;C:\Users\wud1314i\AppData\Roaming\npm;E:\Microsoft VS Code\bin
10 verbose lifecycle react-cs2@1.0.0~duyi: CWD: C:\Users\wud1314i\Desktop\react
11 silly lifecycle react-cs2@1.0.0~duyi: Args: [ '/d /s /c', 'webpack -w --devtool sourcemap' ]
12 silly lifecycle react-cs2@1.0.0~duyi: Returned: code: 3221225786  signal: null
13 info lifecycle react-cs2@1.0.0~duyi: Failed to exec duyi script
14 verbose stack Error: react-cs2@1.0.0 duyi: `webpack -w --devtool sourcemap`
14 verbose stack Exit status 3221225786
14 verbose stack     at EventEmitter.<anonymous> (C:\Program Files\nodejs\node_modules\npm\lib\utils\lifecycle.js:255:16)
14 verbose stack     at emitTwo (events.js:106:13)
14 verbose stack     at EventEmitter.emit (events.js:191:7)
14 verbose stack     at ChildProcess.<anonymous> (C:\Program Files\nodejs\node_modules\npm\lib\utils\spawn.js:40:14)
14 verbose stack     at emitTwo (events.js:106:13)
14 verbose stack     at ChildProcess.emit (events.js:191:7)
14 verbose stack     at maybeClose (internal/child_process.js:877:16)
14 verbose stack     at Process.ChildProcess._handle.onexit (internal/child_process.js:226:5)
15 verbose pkgid react-cs2@1.0.0
16 verbose cwd C:\Users\wud1314i\Desktop\react
17 error Windows_NT 6.3.9600
18 error argv "C:\\Program Files\\nodejs\\node.exe" "C:\\Program Files\\nodejs\\node_modules\\npm\\bin\\npm-cli.js" "run" "duyi"
19 error node v6.9.5
20 error npm  v3.10.10
21 error code ELIFECYCLE
22 error react-cs2@1.0.0 duyi: `webpack -w --devtool sourcemap`
22 error Exit status 3221225786
23 error Failed at the react-cs2@1.0.0 duyi script 'webpack -w --devtool sourcemap'.
23 error Make sure you have the latest version of node.js and npm installed.
23 error If you do, this is most likely a problem with the react-cs2 package,
23 error not with npm itself.
23 error Tell the author that this fails on your system:
23 error     webpack -w --devtool sourcemap
23 error You can get information on how to open an issue for this project with:
23 error     npm bugs react-cs2
23 error Or if that isn't available, you can get their info via:
23 error     npm owner ls react-cs2
23 error There is likely additional logging output above.
24 verbose exit [ 1, true ]
